<?xml version="1.0" encoding="UTF-8"?>
<!-- Generated by org.testng.reporters.JUnitReportReporter -->
<testsuite hostname="harshi" name="harsha.guru" tests="3" failures="0" timestamp="11 Oct 2022 09:03:32 GMT" time="18.560" errors="0">
  <testcase name="Testcase3" time="6.306" classname="harsha.guru"/>
  <testcase name="Testcase2" time="6.568" classname="harsha.guru"/>
  <testcase name="Testcase4" time="5.686" classname="harsha.guru"/>
</testsuite> <!-- harsha.guru -->
